app/build/outputs/logs/manifest-merger-debug-report.txt
-- Merging decision tree log ---
manifest
ADDED from src\main\AndroidManifest.xml:17:1-176:12
	package
		ADDED from src\main\AndroidManifest.xml:18:5-46
		INJECTED from src\main\AndroidManifest.xml
		INJECTED from src\main\AndroidManifest.xml
	android:versionName
		ADDED from src\main\AndroidManifest.xml:19:5-32
		INJECTED from src\main\AndroidManifest.xml
		INJECTED from src\main\AndroidManifest.xml
	android:versionCode
		ADDED from src\main\AndroidManifest.xml:20:5-30
		INJECTED from src\main\AndroidManifest.xml
		INJECTED from src\main\AndroidManifest.xml
	xmlns:android
		ADDED from src\main\AndroidManifest.xml:17:11-69
	android:installLocation
		ADDED from src\main\AndroidManifest.xml:21:5-35
uses-permission#android.permission.CAMERA
ADDED from src\main\AndroidManifest.xml:23:5-65
	android:name
		ADDED from src\main\AndroidManifest.xml:23:22-62
uses-permission#android.permission.INTERNET
ADDED from src\main\AndroidManifest.xml:24:5-67
	android:name
		ADDED from src\main\AndroidManifest.xml:24:22-64
uses-permission#android.permission.VIBRATE
ADDED from src\main\AndroidManifest.xml:25:5-66
	android:name
		ADDED from src\main\AndroidManifest.xml:25:22-63
uses-permission#android.permission.FLASHLIGHT
ADDED from src\main\AndroidManifest.xml:26:5-69
	android:name
		ADDED from src\main\AndroidManifest.xml:26:22-66
uses-permission#android.permission.READ_CONTACTS
ADDED from src\main\AndroidManifest.xml:27:5-72
	android:name
		ADDED from src\main\AndroidManifest.xml:27:22-69
uses-permission#com.android.browser.permission.READ_HISTORY_BOOKMARKS
ADDED from src\main\AndroidManifest.xml:29:5-93
	android:name
		ADDED from src\main\AndroidManifest.xml:29:22-90
uses-permission#android.permission.WRITE_EXTERNAL_STORAGE
ADDED from src\main\AndroidManifest.xml:30:5-81
	android:name
		ADDED from src\main\AndroidManifest.xml:30:22-78
uses-permission#android.permission.CHANGE_WIFI_STATE
ADDED from src\main\AndroidManifest.xml:31:5-76
	android:name
		ADDED from src\main\AndroidManifest.xml:31:22-73
uses-permission#android.permission.ACCESS_WIFI_STATE
ADDED from src\main\AndroidManifest.xml:32:5-76
	android:name
		ADDED from src\main\AndroidManifest.xml:32:22-73
uses-sdk
ADDED from src\main\AndroidManifest.xml:34:5-36:41
	android:targetSdkVersion
		ADDED from src\main\AndroidManifest.xml:36:9-38
		INJECTED from src\main\AndroidManifest.xml
		INJECTED from src\main\AndroidManifest.xml
	android:minSdkVersion
		ADDED from src\main\AndroidManifest.xml:35:9-35
		INJECTED from src\main\AndroidManifest.xml
		INJECTED from src\main\AndroidManifest.xml
uses-feature#android.hardware.camera.any
ADDED from src\main\AndroidManifest.xml:38:5-64
	android:name
		ADDED from src\main\AndroidManifest.xml:38:19-61
uses-feature#android.hardware.camera.autofocus
ADDED from src\main\AndroidManifest.xml:39:5-41:36
	android:required
		ADDED from src\main\AndroidManifest.xml:41:9-33
	android:name
		ADDED from src\main\AndroidManifest.xml:40:9-57
uses-feature#android.hardware.camera.flash
ADDED from src\main\AndroidManifest.xml:42:5-44:36
	android:required
		ADDED from src\main\AndroidManifest.xml:44:9-33
	android:name
		ADDED from src\main\AndroidManifest.xml:43:9-53
uses-feature#android.hardware.screen.landscape
ADDED from src\main\AndroidManifest.xml:45:5-70
	android:name
		ADDED from src\main\AndroidManifest.xml:45:19-67
uses-feature#android.hardware.wifi
ADDED from src\main\AndroidManifest.xml:46:5-48:36
	android:required
		ADDED from src\main\AndroidManifest.xml:48:9-33
	android:name
		ADDED from src\main\AndroidManifest.xml:47:9-45
application
ADDED from src\main\AndroidManifest.xml:50:5-174:19
	android:label
		ADDED from src\main\AndroidManifest.xml:53:9-41
	android:allowBackup
		ADDED from src\main\AndroidManifest.xml:54:9-35
	android:icon
		ADDED from src\main\AndroidManifest.xml:51:9-47
	android:logo
		ADDED from src\main\AndroidManifest.xml:52:9-47
activity#com.google.zxing.client.android.CaptureActivity
ADDED from src\main\AndroidManifest.xml:55:9-117:20
	android:clearTaskOnLaunch
		ADDED from src\main\AndroidManifest.xml:57:13-45
	android:stateNotNeeded
		ADDED from src\main\AndroidManifest.xml:58:13-42
	android:windowSoftInputMode
		ADDED from src\main\AndroidManifest.xml:60:13-60
	android:theme
		ADDED from src\main\AndroidManifest.xml:59:13-48
	android:name
		ADDED from src\main\AndroidManifest.xml:56:13-44
intent-filter#android.intent.action.MAIN+android.intent.category.LAUNCHER
ADDED from src\main\AndroidManifest.xml:61:13-64:29
action#android.intent.action.MAIN
ADDED from src\main\AndroidManifest.xml:62:17-69
	android:name
		ADDED from src\main\AndroidManifest.xml:62:25-66
category#android.intent.category.LAUNCHER
ADDED from src\main\AndroidManifest.xml:63:17-77
	android:name
		ADDED from src\main\AndroidManifest.xml:63:27-74
intent-filter#android.intent.category.DEFAULT+com.google.zxing.client.android.SCAN
ADDED from src\main\AndroidManifest.xml:65:13-68:29
action#com.google.zxing.client.android.SCAN
ADDED from src\main\AndroidManifest.xml:66:17-79
	android:name
		ADDED from src\main\AndroidManifest.xml:66:25-76
category#android.intent.category.DEFAULT
ADDED from src\main\AndroidManifest.xml:67:17-76
	android:name
		ADDED from src\main\AndroidManifest.xml:67:27-73
intent-filter#android.intent.action.VIEW+android.intent.category.BROWSABLE+android.intent.category.DEFAULT
ADDED from src\main\AndroidManifest.xml:70:13-80:29
action#android.intent.action.VIEW
ADDED from src\main\AndroidManifest.xml:71:17-69
	android:name
		ADDED from src\main\AndroidManifest.xml:71:25-66
category#android.intent.category.BROWSABLE
ADDED from src\main\AndroidManifest.xml:74:17-78
	android:name
		ADDED from src\main\AndroidManifest.xml:74:27-75
data
ADDED from src\main\AndroidManifest.xml:76:17-79:44
	android:path
		ADDED from src\main\AndroidManifest.xml:79:21-41
	android:host
		ADDED from src\main\AndroidManifest.xml:78:21-53
	android:scheme
		ADDED from src\main\AndroidManifest.xml:77:21-42
activity#com.google.zxing.client.android.PreferencesActivity
ADDED from src\main\AndroidManifest.xml:118:9-121:45
	android:label
		ADDED from src\main\AndroidManifest.xml:120:13-53
	android:stateNotNeeded
		ADDED from src\main\AndroidManifest.xml:121:13-42
	android:name
		ADDED from src\main\AndroidManifest.xml:119:13-48
activity#com.google.zxing.client.android.encode.EncodeActivity
ADDED from src\main\AndroidManifest.xml:122:9-141:20
	android:stateNotNeeded
		ADDED from src\main\AndroidManifest.xml:124:13-42
	android:name
		ADDED from src\main\AndroidManifest.xml:123:13-50
intent-filter#android.intent.category.DEFAULT+com.google.zxing.client.android.ENCODE
ADDED from src\main\AndroidManifest.xml:125:13-128:29
action#com.google.zxing.client.android.ENCODE
ADDED from src\main\AndroidManifest.xml:126:17-81
	android:name
		ADDED from src\main\AndroidManifest.xml:126:25-78
intent-filter#android.intent.action.SEND+android.intent.category.DEFAULT
ADDED from src\main\AndroidManifest.xml:130:13-134:29
action#android.intent.action.SEND
ADDED from src\main\AndroidManifest.xml:131:17-69
	android:name
		ADDED from src\main\AndroidManifest.xml:131:25-66
activity#com.google.zxing.client.android.book.SearchBookContentsActivity
ADDED from src\main\AndroidManifest.xml:142:9-151:20
	android:screenOrientation
		ADDED from src\main\AndroidManifest.xml:146:13-56
	android:label
		ADDED from src\main\AndroidManifest.xml:144:13-45
	android:stateNotNeeded
		ADDED from src\main\AndroidManifest.xml:145:13-42
	android:name
		ADDED from src\main\AndroidManifest.xml:143:13-60
intent-filter#android.intent.category.DEFAULT+com.google.zxing.client.android.SEARCH_BOOK_CONTENTS
ADDED from src\main\AndroidManifest.xml:147:13-150:29
action#com.google.zxing.client.android.SEARCH_BOOK_CONTENTS
ADDED from src\main\AndroidManifest.xml:148:17-95
	android:name
		ADDED from src\main\AndroidManifest.xml:148:25-92
activity#com.google.zxing.client.android.share.ShareActivity
ADDED from src\main\AndroidManifest.xml:152:9-160:20
	android:screenOrientation
		ADDED from src\main\AndroidManifest.xml:155:13-45
	android:stateNotNeeded
		ADDED from src\main\AndroidManifest.xml:154:13-42
	android:name
		ADDED from src\main\AndroidManifest.xml:153:13-48
intent-filter#android.intent.category.DEFAULT+com.google.zxing.client.android.SHARE
ADDED from src\main\AndroidManifest.xml:156:13-159:29
action#com.google.zxing.client.android.SHARE
ADDED from src\main\AndroidManifest.xml:157:17-80
	android:name
		ADDED from src\main\AndroidManifest.xml:157:25-77
activity#com.google.zxing.client.android.share.BookmarkPickerActivity
ADDED from src\main\AndroidManifest.xml:161:9-164:45
	android:label
		ADDED from src\main\AndroidManifest.xml:163:13-57
	android:stateNotNeeded
		ADDED from src\main\AndroidManifest.xml:164:13-42
	android:name
		ADDED from src\main\AndroidManifest.xml:162:13-57
activity#com.google.zxing.client.android.share.AppPickerActivity
ADDED from src\main\AndroidManifest.xml:165:9-168:45
	android:label
		ADDED from src\main\AndroidManifest.xml:167:13-52
	android:stateNotNeeded
		ADDED from src\main\AndroidManifest.xml:168:13-42
	android:name
		ADDED from src\main\AndroidManifest.xml:166:13-52
activity#com.google.zxing.client.android.HelpActivity
ADDED from src\main\AndroidManifest.xml:169:9-173:45
	android:screenOrientation
		ADDED from src\main\AndroidManifest.xml:172:13-45
	android:label
		ADDED from src\main\AndroidManifest.xml:171:13-46
	android:stateNotNeeded
		ADDED from src\main\AndroidManifest.xml:173:13-42
	android:name
		ADDED from src\main\AndroidManifest.xml:170:13-41